
25/02/16 5:15:20 p.m. - ERROR: Download of "http://www.jaguar-mexico.com/resources/css/style-ie.css",
	referenced from "http://www.jaguar-mexico.com/index.html",
	failed with error code -1100 (File does not exist.)
25/02/16 5:15:20 p.m. - ERROR: Download of "http://www.jaguar-mexico.com/contact-us/index.html",
	referenced from "http://www.jaguar-mexico.com/index.html",
	failed with error code -1100 (File does not exist.)
25/02/16 5:15:25 p.m. - ERROR: Download of "http://www.jaguar-mexico.com/jaguar-range/f-pace/index.html",
	referenced from "http://www.jaguar-mexico.com/index.html",
	failed with error code -1100 (File does not exist.)
25/02/16 5:15:25 p.m. - ERROR: Download of "http://www.jaguar-mexico.com/spectre/index.html",
	referenced from "http://www.jaguar-mexico.com/index.html",
	failed with error code -1100 (File does not exist.)
25/02/16 5:15:27 p.m. - ERROR: Download of "http://www.jaguar-mexico.com/jaguar-range/f-pace/experience/chengdu-motor-show.html",
	referenced from "http://www.jaguar-mexico.com/index.html",
	failed with error code -1100 (File does not exist.)
25/02/16 5:15:27 p.m. - ERROR: Download of "http://www.jaguar-mexico.com/jaguar-range/f-pace/experience/performance-driving.html",
	referenced from "http://www.jaguar-mexico.com/index.html",
	failed with error code -1100 (File does not exist.)
25/02/16 5:15:27 p.m. - ERROR: Download of "http://www.jaguar-mexico.com/about-jaguar/heritage-collection.html",
	referenced from "http://www.jaguar-mexico.com/index.html",
	failed with error code -1100 (File does not exist.)
25/02/16 5:15:27 p.m. - ERROR: Download of "http://www.jaguar-mexico.com/jaguar-range/f-pace/experience/climate-testing.html",
	referenced from "http://www.jaguar-mexico.com/index.html",
	failed with error code -1100 (File does not exist.)
25/02/16 5:15:27 p.m. - ERROR: Download of "http://www.jaguar-mexico.com/jaguar-range/f-pace/experience/tour-de-france.html",
	referenced from "http://www.jaguar-mexico.com/index.html",
	failed with error code -1100 (File does not exist.)
25/02/16 5:15:27 p.m. - ERROR: Download of "http://www.jaguar-mexico.com/new-jaguar-xe/index.html",
	referenced from "http://www.jaguar-mexico.com/index.html",
	failed with error code -1100 (File does not exist.)
25/02/16 5:15:28 p.m. - ERROR: Download of "http://www.jaguar-mexico.com/news/bloodhound.html",
	referenced from "http://www.jaguar-mexico.com/index.html",
	failed with error code -1100 (File does not exist.)
25/02/16 5:15:28 p.m. - ERROR: Download of "http://www.jaguar-mexico.com/news/jlr-james-bond-partnership.html",
	referenced from "http://www.jaguar-mexico.com/index.html",
	failed with error code -1100 (File does not exist.)
25/02/16 5:15:28 p.m. - ERROR: Download of "http://www.jaguar-mexico.com/about-jaguar/concept-cars/c-x17/index.html",
	referenced from "http://www.jaguar-mexico.com/index.html",
	failed with error code -1100 (File does not exist.)
25/02/16 5:15:28 p.m. - ERROR: Download of "http://www.jaguar-mexico.com/news/jaguar-patrocina-secrets-of-the-wind.html",
	referenced from "http://www.jaguar-mexico.com/index.html",
	failed with error code -1100 (File does not exist.)
25/02/16 5:15:38 p.m. - ERROR: Download of "http://www.jaguar-mexico.com/request-a-brochure/contact-us/index.html",
	referenced from "http://www.jaguar-mexico.com/request-a-brochure/index.html",
	failed with error code -1100 (File does not exist.)
25/02/16 5:17:00 p.m. - ERROR: Download of "http://www.jaguar-mexico.com/request-a-brochure/terms-conditions.html",
	referenced from "http://www.jaguar-mexico.com/request-a-brochure/index.html",
	failed with error code -1100 (File does not exist.)
25/02/16 5:17:01 p.m. - ERROR: Download of "http://www.jaguar-mexico.com/quality-section/owners/service-maintenance/contact-us/index.html",
	referenced from "http://www.jaguar-mexico.com/quality-section/owners/service-maintenance/index.html",
	failed with error code -1100 (File does not exist.)
25/02/16 5:17:04 p.m. - ERROR: Download of "http://www.jaguar-mexico.com/quality-section/owners/service-maintenance/terms-conditions.html",
	referenced from "http://www.jaguar-mexico.com/quality-section/owners/service-maintenance/index.html",
	failed with error code -1100 (File does not exist.)
25/02/16 5:17:16 p.m. - ERROR: Download of "http://www.jaguar-mexico.com/resources/images/svg-icons/phone--grey.svg",
	referenced from "http://www.jaguar-mexico.com/resources/css/style.css",
	failed with error code -1100 (File does not exist.)
25/02/16 5:17:16 p.m. - ERROR: Download of "http://www.jaguar-mexico.com/resources/images/svg-icons/phone--light.svg",
	referenced from "http://www.jaguar-mexico.com/resources/css/style.css",
	failed with error code -1100 (File does not exist.)
25/02/16 5:17:30 p.m. - ERROR: Download of "http://www.jaguar-mexico.com/img/vertical-sprites.png",
	referenced from "http://www.jaguar-mexico.com/resources/css/style.css",
	failed with error code -1100 (File does not exist.)
25/02/16 5:17:33 p.m. - ERROR: Download of "http://www.jaguar-mexico.com/resources/images/svg-icons/vi-social-douban-hover.svg",
	referenced from "http://www.jaguar-mexico.com/resources/css/style.css",
	failed with error code -1100 (File does not exist.)
25/02/16 5:17:33 p.m. - ERROR: Download of "http://www.jaguar-mexico.com/resources/images/svg-icons/vi-social-youku.svg",
	referenced from "http://www.jaguar-mexico.com/resources/css/style.css",
	failed with error code -1100 (File does not exist.)
25/02/16 5:17:34 p.m. - ERROR: Download of "http://www.jaguar-mexico.com/resources/images/svg-icons/vi-social-douban.svg",
	referenced from "http://www.jaguar-mexico.com/resources/css/style.css",
	failed with error code -1100 (File does not exist.)
25/02/16 5:17:34 p.m. - ERROR: Download of "http://www.jaguar-mexico.com/resources/images/svg-icons/vi-social-youku-hover.svg",
	referenced from "http://www.jaguar-mexico.com/resources/css/style.css",
	failed with error code -1100 (File does not exist.)
25/02/16 5:17:34 p.m. - ERROR: Download of "http://www.jaguar-mexico.com/resources/images/svg-icons/vi-social-weibo-hover.svg",
	referenced from "http://www.jaguar-mexico.com/resources/css/style.css",
	failed with error code -1100 (File does not exist.)
25/02/16 5:17:35 p.m. - ERROR: Download of "http://www.jaguar-mexico.com/resources/images/svg-icons/vi-social-weibo.svg",
	referenced from "http://www.jaguar-mexico.com/resources/css/style.css",
	failed with error code -1100 (File does not exist.)
25/02/16 5:17:37 p.m. - ERROR: Download of "http://www.jaguar-mexico.com/resources/images/svg-icons/vi-social-lnkd.svg",
	referenced from "http://www.jaguar-mexico.com/resources/css/style.css",
	failed with error code -1100 (File does not exist.)
25/02/16 5:17:37 p.m. - ERROR: Download of "http://www.jaguar-mexico.com/resources/images/svg-icons/vi-social-lnkd-hover.svg",
	referenced from "http://www.jaguar-mexico.com/resources/css/style.css",
	failed with error code -1100 (File does not exist.)
25/02/16 5:17:37 p.m. - ERROR: Download of "http://www.jaguar-mexico.com/resources/images/svg-icons/vi-social-gplus2015.svg",
	referenced from "http://www.jaguar-mexico.com/resources/css/style.css",
	failed with error code -1100 (File does not exist.)
25/02/16 5:17:37 p.m. - ERROR: Download of "http://www.jaguar-mexico.com/resources/images/svg-icons/vi-social-gplus2015-hover.svg",
	referenced from "http://www.jaguar-mexico.com/resources/css/style.css",
	failed with error code -1100 (File does not exist.)
25/02/16 5:17:38 p.m. - ERROR: Download of "http://www.jaguar-mexico.com/resources/images/svg-icons/vi-social-foursquare-hover.svg",
	referenced from "http://www.jaguar-mexico.com/resources/css/style.css",
	failed with error code -1100 (File does not exist.)
25/02/16 5:17:38 p.m. - ERROR: Download of "http://www.jaguar-mexico.com/resources/images/svg-icons/vi-social-foursquare.svg",
	referenced from "http://www.jaguar-mexico.com/resources/css/style.css",
	failed with error code -1100 (File does not exist.)
25/02/16 5:17:39 p.m. - ERROR: Download of "http://www.jaguar-mexico.com/resources/images/svg-icons/vi-social-jlrtouch.svg",
	referenced from "http://www.jaguar-mexico.com/resources/css/style.css",
	failed with error code -1100 (File does not exist.)
25/02/16 5:17:39 p.m. - ERROR: Download of "http://www.jaguar-mexico.com/resources/images/svg-icons/vi-social-jlrtouch-hover.svg",
	referenced from "http://www.jaguar-mexico.com/resources/css/style.css",
	failed with error code -1100 (File does not exist.)
25/02/16 5:17:39 p.m. - ERROR: Download of "http://www.jaguar-mexico.com/resources/images/svg-icons/vi-social-flickr.svg",
	referenced from "http://www.jaguar-mexico.com/resources/css/style.css",
	failed with error code -1100 (File does not exist.)
25/02/16 5:17:39 p.m. - ERROR: Download of "http://www.jaguar-mexico.com/resources/images/svg-icons/vi-social-flickr-hover.svg",
	referenced from "http://www.jaguar-mexico.com/resources/css/style.css",
	failed with error code -1100 (File does not exist.)
25/02/16 5:18:13 p.m. - ERROR: Download of "http://www.jaguar-mexico.com/resources/images/Desktop_Reset_Icon_Dark.png",
	referenced from "http://www.jaguar-mexico.com/resources/css/style.css",
	failed with error code -1100 (File does not exist.)
25/02/16 5:18:14 p.m. - ERROR: Download of "http://www.jaguar-mexico.com/resources/css/polyfills/backgroundsize-iepolyfill.min.htc",
	referenced from "http://www.jaguar-mexico.com/resources/css/style.css",
	failed with error code -1100 (File does not exist.)
25/02/16 5:18:14 p.m. - ERROR: Download of "http://www.jaguar-mexico.com/resources/images/Video_Play_Icon_Only_White.png",
	referenced from "http://www.jaguar-mexico.com/resources/css/style.css",
	failed with error code -1100 (File does not exist.)
25/02/16 5:18:16 p.m. - ERROR: Download of "http://www.jaguar-mexico.com/resources/images/mobile-nav-more.png",
	referenced from "http://www.jaguar-mexico.com/resources/css/style.css",
	failed with error code -1100 (File does not exist.)
25/02/16 5:18:16 p.m. - ERROR: Download of "http://www.jaguar-mexico.com/resources/images/mobile-nav-back-white.png",
	referenced from "http://www.jaguar-mexico.com/resources/css/style.css",
	failed with error code -1100 (File does not exist.)
25/02/16 5:18:16 p.m. - ERROR: Download of "http://www.jaguar-mexico.com/resources/images/mobile-nav-action.png",
	referenced from "http://www.jaguar-mexico.com/resources/css/style.css",
	failed with error code -1100 (File does not exist.)
25/02/16 5:18:17 p.m. - ERROR: Download of "http://www.jaguar-mexico.com/resources/images/mobile-nav-back.png",
	referenced from "http://www.jaguar-mexico.com/resources/css/style.css",
	failed with error code -1100 (File does not exist.)
25/02/16 5:18:17 p.m. - ERROR: Download of "http://www.jaguar-mexico.com/resources/images/svg-icons/ss-instagram.svg",
	referenced from "http://www.jaguar-mexico.com/resources/css/style.css",
	failed with error code -1100 (File does not exist.)
25/02/16 5:18:17 p.m. - ERROR: Download of "http://www.jaguar-mexico.com/resources/images/svg-icons/ss-instagram-hover.svg",
	referenced from "http://www.jaguar-mexico.com/resources/css/style.css",
	failed with error code -1100 (File does not exist.)
25/02/16 5:18:17 p.m. - ERROR: Download of "http://www.jaguar-mexico.com/resources/images/svg-icons/ss-twitter.svg",
	referenced from "http://www.jaguar-mexico.com/resources/css/style.css",
	failed with error code -1100 (File does not exist.)
25/02/16 5:18:17 p.m. - ERROR: Download of "http://www.jaguar-mexico.com/resources/images/svg-icons/ss-twitter-hover.svg",
	referenced from "http://www.jaguar-mexico.com/resources/css/style.css",
	failed with error code -1100 (File does not exist.)
25/02/16 5:18:17 p.m. - ERROR: Download of "http://www.jaguar-mexico.com/resources/images/svg-icons/ss-youtube.svg",
	referenced from "http://www.jaguar-mexico.com/resources/css/style.css",
	failed with error code -1100 (File does not exist.)
25/02/16 5:18:18 p.m. - ERROR: Download of "http://www.jaguar-mexico.com/resources/images/svg-icons/ss-youtube-hover.svg",
	referenced from "http://www.jaguar-mexico.com/resources/css/style.css",
	failed with error code -1100 (File does not exist.)
25/02/16 5:18:18 p.m. - ERROR: Download of "http://www.jaguar-mexico.com/resources/images/svg-icons/ss-url.svg",
	referenced from "http://www.jaguar-mexico.com/resources/css/style.css",
	failed with error code -1100 (File does not exist.)
25/02/16 5:18:18 p.m. - ERROR: Download of "http://www.jaguar-mexico.com/resources/images/svg-icons/ss-url-hover.svg",
	referenced from "http://www.jaguar-mexico.com/resources/css/style.css",
	failed with error code -1100 (File does not exist.)
25/02/16 5:18:18 p.m. - ERROR: Download of "http://www.jaguar-mexico.com/resources/images/svg-icons/ss-facebook.svg",
	referenced from "http://www.jaguar-mexico.com/resources/css/style.css",
	failed with error code -1100 (File does not exist.)
25/02/16 5:18:19 p.m. - ERROR: Download of "http://www.jaguar-mexico.com/resources/images/svg-icons/close--light.svg",
	referenced from "http://www.jaguar-mexico.com/resources/css/style.css",
	failed with error code -1100 (File does not exist.)
25/02/16 5:18:19 p.m. - ERROR: Download of "http://www.jaguar-mexico.com/resources/images/svg-icons/ss-facebook-hover.svg",
	referenced from "http://www.jaguar-mexico.com/resources/css/style.css",
	failed with error code -1100 (File does not exist.)
25/02/16 5:18:21 p.m. - ERROR: Download of "http://www.jaguar-mexico.com/promotions/contact-us/index.html",
	referenced from "http://www.jaguar-mexico.com/promotions/index.html",
	failed with error code -1100 (File does not exist.)
25/02/16 5:18:22 p.m. - ERROR: Download of "http://www.jaguar-mexico.com/promotions/terms-conditions.html",
	referenced from "http://www.jaguar-mexico.com/promotions/index.html",
	failed with error code -1100 (File does not exist.)
25/02/16 5:18:22 p.m. - ERROR: Download of "http://www.jaguar-mexico.com/quality-section/approved-used/terms-conditions.html",
	referenced from "http://www.jaguar-mexico.com/quality-section/approved-used/index.html",
	failed with error code -1100 (File does not exist.)
25/02/16 5:18:23 p.m. - ERROR: Download of "http://www.jaguar-mexico.com/jaguar-range/xe/contact-us/index.html",
	referenced from "http://www.jaguar-mexico.com/jaguar-range/xe/index.html",
	failed with error code -1100 (File does not exist.)
25/02/16 5:18:23 p.m. - ERROR: Download of "http://www.jaguar-mexico.com/quality-section/approved-used/contact-us/index.html",
	referenced from "http://www.jaguar-mexico.com/quality-section/approved-used/index.html",
	failed with error code -1100 (File does not exist.)
25/02/16 5:18:23 p.m. - ERROR: Download of "http://www.jaguar-mexico.com/jaguar-range/xe/xe-models/index.php",
	referenced from "http://www.jaguar-mexico.com/jaguar-range/xe/index.html",
	failed with error code -1100 (File does not exist.)
25/02/16 5:18:23 p.m. - ERROR: Download of "http://www.jaguar-mexico.com/jaguar-range/xe/xe-models/xe-s.php",
	referenced from "http://www.jaguar-mexico.com/jaguar-range/xe/index.html",
	failed with error code -1100 (File does not exist.)
25/02/16 5:18:23 p.m. - ERROR: Download of "http://www.jaguar-mexico.com/jaguar-range/xe/xe-models/xe-pure.php",
	referenced from "http://www.jaguar-mexico.com/jaguar-range/xe/index.html",
	failed with error code -1100 (File does not exist.)
25/02/16 5:18:23 p.m. - ERROR: Download of "http://www.jaguar-mexico.com/jaguar-range/xe/xe-models/xe-prestige.php",
	referenced from "http://www.jaguar-mexico.com/jaguar-range/xe/index.html",
	failed with error code -1100 (File does not exist.)
25/02/16 5:18:24 p.m. - ERROR: Download of "http://www.jaguar-mexico.com/jaguar-range/xe/xe-models/xe-portfolio.php",
	referenced from "http://www.jaguar-mexico.com/jaguar-range/xe/index.html",
	failed with error code -1100 (File does not exist.)
25/02/16 5:18:26 p.m. - ERROR: Download of "http://www.jaguar-mexico.com/jaguar-range/xe/accessories/interior-style.php",
	referenced from "http://www.jaguar-mexico.com/jaguar-range/xe/index.html",
	failed with error code -1100 (File does not exist.)
25/02/16 5:18:27 p.m. - ERROR: Download of "http://www.jaguar-mexico.com/jaguar-range/xe/accessories/wheels-accessories.php",
	referenced from "http://www.jaguar-mexico.com/jaguar-range/xe/index.html",
	failed with error code -1100 (File does not exist.)
25/02/16 5:18:28 p.m. - ERROR: Download of "http://www.jaguar-mexico.com/jaguar-range/xepricing-specs/index.html",
	referenced from "http://www.jaguar-mexico.com/jaguar-range/xe/index.html",
	failed with error code -1100 (File does not exist.)
25/02/16 5:18:28 p.m. - ERROR: Download of "http://www.jaguar-mexico.com/jaguar-range/xe/pricing-specs/engines-performance.html",
	referenced from "http://www.jaguar-mexico.com/jaguar-range/xe/index.html",
	failed with error code -1100 (File does not exist.)
25/02/16 5:18:28 p.m. - ERROR: Download of "http://www.jaguar-mexico.com/jaguar-range/xe/pricing-specs/dimensions-weight.html",
	referenced from "http://www.jaguar-mexico.com/jaguar-range/xe/index.html",
	failed with error code -1100 (File does not exist.)
25/02/16 5:18:28 p.m. - ERROR: Download of "http://www.jaguar-mexico.com/jaguar-range/xe/indexbc0c.html",
	referenced from "http://www.jaguar-mexico.com/jaguar-range/xe/index.html",
	failed with error code -1100 (File does not exist.)
25/02/16 5:18:28 p.m. - ERROR: Download of "http://www.jaguar-mexico.com/jaguar-range/xe/index1ce5.html",
	referenced from "http://www.jaguar-mexico.com/jaguar-range/xe/index.html",
	failed with error code -1100 (File does not exist.)
25/02/16 5:18:29 p.m. - ERROR: Download of "http://www.jaguar-mexico.com/Images/JAGUARCARE_ES_XE_Portfolio_Detail_Image_HERO2_device_mobile_480x134_tcm135-184845_mobile_480x1343860.jpg",
	referenced from "http://www.jaguar-mexico.com/jaguar-range/xe/index.html",
	failed with error code -1100 (File does not exist.)
25/02/16 5:18:30 p.m. - ERROR: Download of "http://www.jaguar-mexico.com/Images/XE_REVEAL_STILL_VIDEO_2-device_desktop-940x530_tcm135-122068_desktop_940x5303860.html",
	referenced from "http://www.jaguar-mexico.com/jaguar-range/xe/index.html",
	failed with error code -1100 (File does not exist.)
25/02/16 5:18:30 p.m. - ERROR: Download of "http://www.jaguar-mexico.com/jaguar-range/xe/features-options/driving-dynamics.html",
	referenced from "http://www.jaguar-mexico.com/jaguar-range/xe/index.html",
	failed with error code -1100 (File does not exist.)
25/02/16 5:18:31 p.m. - ERROR: Download of "http://www.jaguar-mexico.com/jaguar-range/xe/features-options/interior.html",
	referenced from "http://www.jaguar-mexico.com/jaguar-range/xe/index.html",
	failed with error code -1100 (File does not exist.)
25/02/16 5:18:33 p.m. - ERROR: Download of "http://www.jaguar-mexico.com/jaguar-range/xe/xe-models/xe-pure-tech.php",
	referenced from "http://www.jaguar-mexico.com/jaguar-range/xe/index.html",
	failed with error code -1100 (File does not exist.)
25/02/16 5:18:34 p.m. - ERROR: Download of "http://www.jaguar-mexico.com/jaguar-range/xe/terms-conditions.html",
	referenced from "http://www.jaguar-mexico.com/jaguar-range/xe/index.html",
	failed with error code -1100 (File does not exist.)
25/02/16 5:18:35 p.m. - ERROR: Download of "http://www.jaguar-mexico.com/jaguar-range/contact-us/index.html",
	referenced from "http://www.jaguar-mexico.com/jaguar-range/index.html",
	failed with error code -1100 (File does not exist.)
25/02/16 5:18:37 p.m. - ERROR: Download of "http://www.jaguar-mexico.com/about-jaguar/concept-cars/index.html",
	referenced from "http://www.jaguar-mexico.com/jaguar-range/index.html",
	failed with error code -1100 (File does not exist.)
25/02/16 5:18:38 p.m. - ERROR: Download of "http://www.jaguar-mexico.com/jaguar-range/terms-conditions.html",
	referenced from "http://www.jaguar-mexico.com/jaguar-range/index.html",
	failed with error code -1100 (File does not exist.)
25/02/16 5:18:38 p.m. - ERROR: Download of "http://www.jaguar-mexico.com/quality-section/owners/contact-us/index.html",
	referenced from "http://www.jaguar-mexico.com/quality-section/owners/index.html",
	failed with error code -1100 (File does not exist.)
25/02/16 5:18:39 p.m. - ERROR: Download of "http://www.jaguar-mexico.com/quality-section/owners/accesories.html",
	referenced from "http://www.jaguar-mexico.com/quality-section/owners/index.html",
	failed with error code -1100 (File does not exist.)
25/02/16 5:18:39 p.m. - ERROR: Download of "http://www.jaguar-mexico.com/quality-section/owners/terms-conditions.html",
	referenced from "http://www.jaguar-mexico.com/quality-section/owners/index.html",
	failed with error code -1100 (File does not exist.)
25/02/16 5:18:39 p.m. - ERROR: Download of "http://www.jaguar-mexico.com/quality-section/owners/jaguar-care/contact-us/index.html",
	referenced from "http://www.jaguar-mexico.com/quality-section/owners/jaguar-care/index.html",
	failed with error code -1100 (File does not exist.)
25/02/16 5:18:41 p.m. - ERROR: Download of "http://www.jaguar-mexico.com/quality-section/owners/jaguar-care/terms-conditions.html",
	referenced from "http://www.jaguar-mexico.com/quality-section/owners/jaguar-care/index.html",
	failed with error code -1100 (File does not exist.)
25/02/16 5:18:41 p.m. - ERROR: Download of "http://www.jaguar-mexico.com/jaguar-range/xf/contact-us/index.html",
	referenced from "http://www.jaguar-mexico.com/jaguar-range/xf/index.html",
	failed with error code -1100 (File does not exist.)
25/02/16 5:18:42 p.m. - ERROR: Download of "http://www.jaguar-mexico.com/jaguar-range/2016-xf/xf-models/index.html",
	referenced from "http://www.jaguar-mexico.com/jaguar-range/xf/index.html",
	failed with error code -1100 (File does not exist.)
25/02/16 5:18:46 p.m. - ERROR: Download of "http://www.jaguar-mexico.com/jaguar-range/xf/xf-models/xf.html",
	referenced from "http://www.jaguar-mexico.com/jaguar-range/xf/index.html",
	failed with error code -1100 (File does not exist.)
25/02/16 5:18:46 p.m. - ERROR: Download of "http://www.jaguar-mexico.com/jaguar-range/xf/xf-models/xf-luxury.html",
	referenced from "http://www.jaguar-mexico.com/jaguar-range/xf/index.html",
	failed with error code -1100 (File does not exist.)
25/02/16 5:18:47 p.m. - ERROR: Download of "http://www.jaguar-mexico.com/jaguar-range/xf/xf-models/xf-r-sport.html",
	referenced from "http://www.jaguar-mexico.com/jaguar-range/xf/index.html",
	failed with error code -1100 (File does not exist.)
25/02/16 5:18:47 p.m. - ERROR: Download of "http://www.jaguar-mexico.com/jaguar-range/xf/xf-models/xf-premium-luxury.html",
	referenced from "http://www.jaguar-mexico.com/jaguar-range/xf/index.html",
	failed with error code -1100 (File does not exist.)
25/02/16 5:18:48 p.m. - ERROR: Download of "http://www.jaguar-mexico.com/jaguar-range/xf/xf-models/xfr-s.html",
	referenced from "http://www.jaguar-mexico.com/jaguar-range/xf/index.html",
	failed with error code -1100 (File does not exist.)
25/02/16 5:18:52 p.m. - ERROR: Download of "http://www.jaguar-mexico.com/jaguar-range/xf/terms-conditions.html",
	referenced from "http://www.jaguar-mexico.com/jaguar-range/xf/index.html",
	failed with error code -1100 (File does not exist.)
25/02/16 5:18:52 p.m. - ERROR: Download of "http://www.jaguar-mexico.com/jaguar-range/xj/contact-us/index.html",
	referenced from "http://www.jaguar-mexico.com/jaguar-range/xj/index.html",
	failed with error code -1100 (File does not exist.)
25/02/16 5:19:00 p.m. - ERROR: Download of "http://www.jaguar-mexico.com/jaguar-range/xj/xj-galleries/xjr-luxury-performance.html",
	referenced from "http://www.jaguar-mexico.com/jaguar-range/xj/index.html",
	failed with error code -1100 (File does not exist.)
25/02/16 5:19:02 p.m. - ERROR: Download of "http://www.jaguar-mexico.com/jaguar-range/xj/xj-models/xj-premium-luxury-swb.html",
	referenced from "http://www.jaguar-mexico.com/jaguar-range/xj/index.html",
	failed with error code -1100 (File does not exist.)
25/02/16 5:19:04 p.m. - ERROR: Download of "http://www.jaguar-mexico.com/jaguar-range/xj/xj-models/xj-r-sport-swb.html",
	referenced from "http://www.jaguar-mexico.com/jaguar-range/xj/index.html",
	failed with error code -1100 (File does not exist.)
25/02/16 5:19:04 p.m. - ERROR: Download of "http://www.jaguar-mexico.com/jaguar-range/xj/xj-models/xjr_swb.html",
	referenced from "http://www.jaguar-mexico.com/jaguar-range/xj/index.html",
	failed with error code -1100 (File does not exist.)
25/02/16 5:19:05 p.m. - ERROR: Download of "http://www.jaguar-mexico.com/jaguar-range/xj/xj-models/xj-autobiography-lwb.html",
	referenced from "http://www.jaguar-mexico.com/jaguar-range/xj/index.html",
	failed with error code -1100 (File does not exist.)
25/02/16 5:19:05 p.m. - ERROR: Download of "http://www.jaguar-mexico.com/Images/XJ-16MY-Exterior-Side-Profile-AUTOBIOGRAPHY-DRKSAPH_MATA-LWB-device_desktop-190x60_tcm135-130809_desktop_190x60.png?v=2",
	referenced from "http://www.jaguar-mexico.com/jaguar-range/xj/index.html",
	failed with error code -1100 (File does not exist.)
25/02/16 5:19:06 p.m. - ERROR: Download of "http://www.jaguar-mexico.com/jaguar-range/xj/xj-models/compare-models.html",
	referenced from "http://www.jaguar-mexico.com/jaguar-range/xj/index.html",
	failed with error code -1100 (File does not exist.)
25/02/16 5:19:07 p.m. - ERROR: Download of "http://www.jaguar-mexico.com/jaguar-range/xj/terms-conditions.html",
	referenced from "http://www.jaguar-mexico.com/jaguar-range/xj/index.html",
	failed with error code -1100 (File does not exist.)
25/02/16 5:19:08 p.m. - ERROR: Download of "http://www.jaguar-mexico.com/jaguar-range/f-type/contact-us/index.html",
	referenced from "http://www.jaguar-mexico.com/jaguar-range/f-type/index.html",
	failed with error code -1100 (File does not exist.)
25/02/16 5:19:20 p.m. - ERROR: Download of "http://www.jaguar-mexico.com/jaguar-range/f-type/f-type-models/f-type-r-convertible.html",
	referenced from "http://www.jaguar-mexico.com/jaguar-range/f-type/index.html",
	failed with error code -1100 (File does not exist.)
25/02/16 5:19:21 p.m. - ERROR: Download of "http://www.jaguar-mexico.com/jaguar-range/f-type/terms-conditions.html",
	referenced from "http://www.jaguar-mexico.com/jaguar-range/f-type/index.html",
	failed with error code -1100 (File does not exist.)
25/02/16 5:19:22 p.m. - ERROR: Download of "http://www.jaguar-mexico.com/quality-section/owners/accessories/contact-us/index.html",
	referenced from "http://www.jaguar-mexico.com/quality-section/owners/accessories/index.html",
	failed with error code -1100 (File does not exist.)
25/02/16 5:19:22 p.m. - ERROR: Download of "http://www.jaguar-mexico.com/quality-section/owners/accessories/terms-conditions.html",
	referenced from "http://www.jaguar-mexico.com/quality-section/owners/accessories/index.html",
	failed with error code -1100 (File does not exist.)
25/02/16 5:19:23 p.m. - ERROR: Download of "http://www.jaguar-mexico.com/quality-section/owners/roadside-assist/contact-us/index.html",
	referenced from "http://www.jaguar-mexico.com/quality-section/owners/roadside-assist/index.html",
	failed with error code -1100 (File does not exist.)
25/02/16 5:19:23 p.m. - ERROR: Download of "http://www.jaguar-mexico.com/quality-section/owners/roadside-assist/terms-conditions.html",
	referenced from "http://www.jaguar-mexico.com/quality-section/owners/roadside-assist/index.html",
	failed with error code -1100 (File does not exist.)
25/02/16 5:19:23 p.m. - ERROR: Download of "http://www.jaguar-mexico.com/jaguar-range/2016-xf/contact-us/index.html",
	referenced from "http://www.jaguar-mexico.com/jaguar-range/2016-xf/index.html",
	failed with error code -1100 (File does not exist.)
25/02/16 5:19:28 p.m. - ERROR: Download of "http://www.jaguar-mexico.com/jaguar-range/2016-xf/terms-conditions.html",
	referenced from "http://www.jaguar-mexico.com/jaguar-range/2016-xf/index.html",
	failed with error code -1100 (File does not exist.)
25/02/16 5:19:28 p.m. - ERROR: Download of "http://www.jaguar-mexico.com/jaguar-range/f-pace/experience/contact-us/index.html",
	referenced from "http://www.jaguar-mexico.com/jaguar-range/f-pace/experience/reveal.html",
	failed with error code -1100 (File does not exist.)
25/02/16 5:19:29 p.m. - ERROR: Download of "http://www.jaguar-mexico.com/jaguar-range/f-pace/experience/terms-conditions.html",
	referenced from "http://www.jaguar-mexico.com/jaguar-range/f-pace/experience/reveal.html",
	failed with error code -1100 (File does not exist.)
25/02/16 5:19:29 p.m. - ERROR: Download of "http://www.jaguar-mexico.com/jaguar-range/xe/features-options/contact-us/index.html",
	referenced from "http://www.jaguar-mexico.com/jaguar-range/xe/features-options/driving-dynamics.php",
	failed with error code -1100 (File does not exist.)
25/02/16 5:19:29 p.m. - ERROR: Download of "http://www.jaguar-mexico.com/jaguar-range/xe/index.php",
	referenced from "http://www.jaguar-mexico.com/jaguar-range/xe/features-options/driving-dynamics.php",
	failed with error code -1100 (File does not exist.)
25/02/16 5:19:31 p.m. - ERROR: Download of "http://www.jaguar-mexico.com/jaguar-range/xe/features-options/terms-conditions.html",
	referenced from "http://www.jaguar-mexico.com/jaguar-range/xe/features-options/driving-dynamics.php",
	failed with error code -1100 (File does not exist.)
25/02/16 5:19:36 p.m. - ERROR: Download of "http://www.jaguar-mexico.com/jaguar-range/xe/accessories/contact-us/index.html",
	referenced from "http://www.jaguar-mexico.com/jaguar-range/xe/accessories/index.php",
	failed with error code -1100 (File does not exist.)
25/02/16 5:19:37 p.m. - ERROR: Download of "http://www.jaguar-mexico.com/jaguar-range/xe/accessories/terms-conditions.html",
	referenced from "http://www.jaguar-mexico.com/jaguar-range/xe/accessories/index.php",
	failed with error code -1100 (File does not exist.)
25/02/16 5:19:44 p.m. - ERROR: Download of "http://www.jaguar-mexico.com/jaguar-range/xe/xe-models/contact-us/index.html",
	referenced from "http://www.jaguar-mexico.com/jaguar-range/xe/xe-models/xe-models.php",
	failed with error code -1100 (File does not exist.)
25/02/16 5:19:46 p.m. - ERROR: Download of "http://www.jaguar-mexico.com/jaguar-range/xe/xe-models/terms-conditions.html",
	referenced from "http://www.jaguar-mexico.com/jaguar-range/xe/xe-models/xe-models.php",
	failed with error code -1100 (File does not exist.)
25/02/16 5:19:46 p.m. - ERROR: Download of "http://www.jaguar-mexico.com/resources/images/gallery-lazy-placeholder.png",
	referenced from "http://www.jaguar-mexico.com/jaguar-range/xe/gallery.html",
	failed with error code -1100 (File does not exist.)
25/02/16 5:19:50 p.m. - ERROR: Download of "http://www.jaguar-mexico.com/jaguar-range/2016-xf/design/contact-us/index.html",
	referenced from "http://www.jaguar-mexico.com/jaguar-range/2016-xf/design/index.html",
	failed with error code -1100 (File does not exist.)
25/02/16 5:19:52 p.m. - ERROR: Download of "http://www.jaguar-mexico.com/jaguar-range/2016-xf/driving-dynamics/contact-us/index.html",
	referenced from "http://www.jaguar-mexico.com/jaguar-range/2016-xf/driving-dynamics/index.html",
	failed with error code -1100 (File does not exist.)
25/02/16 5:19:52 p.m. - ERROR: Download of "http://www.jaguar-mexico.com/jaguar-range/2016-xf/design/terms-conditions.html",
	referenced from "http://www.jaguar-mexico.com/jaguar-range/2016-xf/design/index.html",
	failed with error code -1100 (File does not exist.)
25/02/16 5:19:56 p.m. - ERROR: Download of "http://www.jaguar-mexico.com/jaguar-range/2016-xf/galleries/AWD.html",
	referenced from "http://www.jaguar-mexico.com/jaguar-range/2016-xf/driving-dynamics/index.html",
	failed with error code -1100 (File does not exist.)
25/02/16 5:19:57 p.m. - ERROR: Download of "http://www.jaguar-mexico.com/jaguar-range/2016-xf/driving-dynamics/terms-conditions.html",
	referenced from "http://www.jaguar-mexico.com/jaguar-range/2016-xf/driving-dynamics/index.html",
	failed with error code -1100 (File does not exist.)
25/02/16 5:19:57 p.m. - ERROR: Download of "http://www.jaguar-mexico.com/jaguar-range/2016-xf/specifications/contact-us/index.html",
	referenced from "http://www.jaguar-mexico.com/jaguar-range/2016-xf/specifications/index.html",
	failed with error code -1100 (File does not exist.)
25/02/16 5:19:57 p.m. - ERROR: Download of "http://www.jaguar-mexico.com/jaguar-range/2016-xf/specifications/terms-conditions.html",
	referenced from "http://www.jaguar-mexico.com/jaguar-range/2016-xf/specifications/index.html",
	failed with error code -1100 (File does not exist.)
25/02/16 5:19:58 p.m. - ERROR: Download of "http://www.jaguar-mexico.com/jaguar-range/2016-xf/advanced-technology/contact-us/index.html",
	referenced from "http://www.jaguar-mexico.com/jaguar-range/2016-xf/advanced-technology/index.html",
	failed with error code -1100 (File does not exist.)
25/02/16 5:20:01 p.m. - ERROR: Download of "http://www.jaguar-mexico.com/Images/Carousel3_LaneKeepAssist_DeviceALL-590x285_tcm135-155376_mobile_480x232.jpg?v=2",
	referenced from "http://www.jaguar-mexico.com/jaguar-range/2016-xf/advanced-technology/index.html",
	failed with error code -1100 (File does not exist.)
25/02/16 5:20:01 p.m. - ERROR: Download of "http://www.jaguar-mexico.com/Images/Carousel2_ParkingAids_Overlay_DeviceALL-590x285_tcm135-155374_mobile_480x232.jpg?v=3",
	referenced from "http://www.jaguar-mexico.com/jaguar-range/2016-xf/advanced-technology/index.html",
	failed with error code -1100 (File does not exist.)
25/02/16 5:20:01 p.m. - ERROR: Download of "http://www.jaguar-mexico.com/Images/Carousel4_TrafficRecognition_DeviceALL-590x285_tcm135-155378_mobile_480x232.jpg?v=4",
	referenced from "http://www.jaguar-mexico.com/jaguar-range/2016-xf/advanced-technology/index.html",
	failed with error code -1100 (File does not exist.)
25/02/16 5:20:01 p.m. - ERROR: Download of "http://www.jaguar-mexico.com/jaguar-range/2016-xf/advanced-technology/terms-conditions.html",
	referenced from "http://www.jaguar-mexico.com/jaguar-range/2016-xf/advanced-technology/index.html",
	failed with error code -1100 (File does not exist.)
25/02/16 5:20:03 p.m. - ERROR: Download of "http://www.jaguar-mexico.com/jaguar-range/2016-xf/gallery7780.html?carouselIndex=0",
	referenced from "http://www.jaguar-mexico.com/jaguar-range/2016-xf/gallery.html",
	failed with error code -1100 (File does not exist.)
25/02/16 5:20:11 p.m. - ERROR: Download of "http://www.jaguar-mexico.com/code.jquery.com/jquery-1.8.2.min.js",
	referenced from "http://www.jaguar-mexico.com/jaguar-range/2016-xf/gallery.html",
	failed with error code -1100 (File does not exist.)
25/02/16 5:20:11 p.m. - ERROR: Download of "http://www.jaguar-mexico.com/jaguar-range/2016-xf/experience/contact-us/index.html",
	referenced from "http://www.jaguar-mexico.com/jaguar-range/2016-xf/experience/index.html",
	failed with error code -1100 (File does not exist.)
25/02/16 5:20:12 p.m. - ERROR: Download of "http://www.jaguar-mexico.com/jaguar-range/2016-xf/experience/terms-conditions.html",
	referenced from "http://www.jaguar-mexico.com/jaguar-range/2016-xf/experience/index.html",
	failed with error code -1100 (File does not exist.)
25/02/16 5:20:12 p.m. - ERROR: Download of "http://www.jaguar-mexico.com/innovation-lab/contact-us/index.html",
	referenced from "http://www.jaguar-mexico.com/innovation-lab/index.html",
	failed with error code -1100 (File does not exist.)
25/02/16 5:20:12 p.m. - ERROR: Download of "http://www.jaguar-mexico.com/innovation-lab/innovation-lab-gallery.html",
	referenced from "http://www.jaguar-mexico.com/innovation-lab/index.html",
	failed with error code -1100 (File does not exist.)
25/02/16 5:20:13 p.m. - ERROR: Download of "http://www.jaguar-mexico.com/Images/module-mb2-3d-cave_640x785_bg_tcm135-115000_mobile_640x785.jpg?v=2",
	referenced from "http://www.jaguar-mexico.com/innovation-lab/index.html",
	failed with error code -1100 (File does not exist.)
25/02/16 5:20:16 p.m. - ERROR: Download of "http://www.jaguar-mexico.com/Images/module-dt4-skeleton-range_1366x1180_bg_tcm135-115369_desktop_1366x1180.jpg?v=3",
	referenced from "http://www.jaguar-mexico.com/innovation-lab/index.html",
	failed with error code -1100 (File does not exist.)
25/02/16 5:20:16 p.m. - ERROR: Download of "http://www.jaguar-mexico.com/Images/mobile-modelRange_640x790_tcm135-118002_mobile_640x790.jpg?v=2",
	referenced from "http://www.jaguar-mexico.com/innovation-lab/index.html",
	failed with error code -1100 (File does not exist.)
25/02/16 5:20:17 p.m. - ERROR: Download of "http://www.jaguar-mexico.com/Images/module-dt5-extreme-testing_1366x774_bg_tcm135-115090_desktop_1366x774.jpg?v=2",
	referenced from "http://www.jaguar-mexico.com/innovation-lab/index.html",
	failed with error code -1100 (File does not exist.)
25/02/16 5:20:17 p.m. - ERROR: Download of "http://www.jaguar-mexico.com/innovation-lab/terms-conditions.html",
	referenced from "http://www.jaguar-mexico.com/innovation-lab/index.html",
	failed with error code -1100 (File does not exist.)
25/02/16 5:20:17 p.m. - ERROR: Download of "http://www.jaguar-mexico.com/jaguar-range/xf/xf-models/contact-us/index.html",
	referenced from "http://www.jaguar-mexico.com/jaguar-range/xf/xf-models/xfr.html",
	failed with error code -1100 (File does not exist.)
25/02/16 5:20:19 p.m. - ERROR: Download of "http://www.jaguar-mexico.com/Images/xf_012_047_MY14_UK_red_xfr_track-device_desktop-1366x550_tcm76-39028_mobile_480x194.jpg?v=1",
	referenced from "http://www.jaguar-mexico.com/jaguar-range/xf/xf-models/xfr.html",
	failed with error code -1100 (File does not exist.)
25/02/16 5:20:21 p.m. - ERROR: Download of "http://www.jaguar-mexico.com/Images/XF_013_035_14MY_UK_TV_TELEVISION-device_desktop-620x150_tcm76-41478_mobile_480x116.jpg?v=1",
	referenced from "http://www.jaguar-mexico.com/jaguar-range/xf/xf-models/xfr.html",
	failed with error code -1100 (File does not exist.)
25/02/16 5:20:22 p.m. - ERROR: Download of "http://www.jaguar-mexico.com/jaguar-range/xf/xf-models/terms-conditions.html",
	referenced from "http://www.jaguar-mexico.com/jaguar-range/xf/xf-models/xfr.html",
	failed with error code -1100 (File does not exist.)
25/02/16 5:20:26 p.m. - ERROR: Download of "http://www.jaguar-mexico.com/jaguar-range/xf/features-options/contact-us/index.html",
	referenced from "http://www.jaguar-mexico.com/jaguar-range/xf/features-options/index.html",
	failed with error code -1100 (File does not exist.)
25/02/16 5:20:27 p.m. - ERROR: Download of "http://www.jaguar-mexico.com/jaguar-range/xf/features-options/terms-conditions.html",
	referenced from "http://www.jaguar-mexico.com/jaguar-range/xf/features-options/index.html",
	failed with error code -1100 (File does not exist.)
25/02/16 5:20:28 p.m. - ERROR: Download of "http://www.jaguar-mexico.com/jaguar-range/xf/accessories/contact-us/index.html",
	referenced from "http://www.jaguar-mexico.com/jaguar-range/xf/accessories/index.html",
	failed with error code -1100 (File does not exist.)
25/02/16 5:20:29 p.m. - ERROR: Download of "http://www.jaguar-mexico.com/jaguar-range/xf/accessories/terms-conditions.html",
	referenced from "http://www.jaguar-mexico.com/jaguar-range/xf/accessories/index.html",
	failed with error code -1100 (File does not exist.)
25/02/16 5:20:29 p.m. - ERROR: Download of "http://www.jaguar-mexico.com/jaguar-range/xf/pricing-specs/contact-us/index.html",
	referenced from "http://www.jaguar-mexico.com/jaguar-range/xf/pricing-specs/index.html",
	failed with error code -1100 (File does not exist.)
25/02/16 5:20:31 p.m. - ERROR: Download of "http://www.jaguar-mexico.com/jaguar-range/xf/pricing-specs/terms-conditions.html",
	referenced from "http://www.jaguar-mexico.com/jaguar-range/xf/pricing-specs/index.html",
	failed with error code -1100 (File does not exist.)
25/02/16 5:20:43 p.m. - ERROR: Download of "http://www.jaguar-mexico.com/jaguar-range/xj/xj-models/contact-us/index.html",
	referenced from "http://www.jaguar-mexico.com/jaguar-range/xj/xj-models/index.html",
	failed with error code -1100 (File does not exist.)
25/02/16 5:20:46 p.m. - ERROR: Download of "http://www.jaguar-mexico.com/jaguar-range/xj/xj-models/terms-conditions.html",
	referenced from "http://www.jaguar-mexico.com/jaguar-range/xj/xj-models/index.html",
	failed with error code -1100 (File does not exist.)
25/02/16 5:20:47 p.m. - ERROR: Download of "http://www.jaguar-mexico.com/Images/XJ_REVERSE-TRAFFIC_DETECTION_OPTIONALFEATURES-device_desktop-620x150_tcm135-143396_mobile_480x116.jpg?v=2",
	referenced from "http://www.jaguar-mexico.com/jaguar-range/xj/xj-models/xj-portfolio-swb.html",
	failed with error code -1100 (File does not exist.)
25/02/16 5:20:47 p.m. - ERROR: Download of "http://www.jaguar-mexico.com/Images/XJ_014_007_GBL_optional_features-models-device_desktop-620x150_tcm135-135196_mobile_480x116.jpg?v=2",
	referenced from "http://www.jaguar-mexico.com/jaguar-range/xj/xj-models/xj-portfolio-swb.html",
	failed with error code -1100 (File does not exist.)
25/02/16 5:20:47 p.m. - ERROR: Download of "http://www.jaguar-mexico.com/jaguar-range/xj/features-options/contact-us/index.html",
	referenced from "http://www.jaguar-mexico.com/jaguar-range/xj/features-options/index.html",
	failed with error code -1100 (File does not exist.)
25/02/16 5:20:48 p.m. - ERROR: Download of "http://www.jaguar-mexico.com/jaguar-range/xj/features-options/terms-conditions.html",
	referenced from "http://www.jaguar-mexico.com/jaguar-range/xj/features-options/index.html",
	failed with error code -1100 (File does not exist.)
25/02/16 5:20:48 p.m. - ERROR: Download of "http://www.jaguar-mexico.com/Images/XJ_16MY_005_LHD_optional_features-models-device_desktop-620x150_tcm135-135172_mobile_480x116.jpg?v=2",
	referenced from "http://www.jaguar-mexico.com/jaguar-range/xj/xj-models/xj-portfolio-lwb.html",
	failed with error code -1100 (File does not exist.)
25/02/16 5:20:49 p.m. - ERROR: Download of "http://www.jaguar-mexico.com/jaguar-range/xj/xj-galleries/driving-dynamics-gallery.html?view=overlay&asset=https://jaguar.dist.sdlmedia.com/Distributions/?f=FEF64995-FCFA-4FDF-963E-373E6F62D01E&ext=mp4",
	referenced from "http://www.jaguar-mexico.com/jaguar-range/xj/features-options/driving-dynamics.html",
	failed with error code -1102 (No est치 autorizado a acceder a los recursos solicitados.)
25/02/16 5:20:49 p.m. - ERROR: Download of "http://www.jaguar-mexico.com/jaguar-range/xj/xj-galleries/driving-dynamics-gallery.html",
	referenced from "http://www.jaguar-mexico.com/jaguar-range/xj/features-options/driving-dynamics.html",
	failed with error code -1100 (File does not exist.)
25/02/16 5:20:50 p.m. - ERROR: Download of "http://www.jaguar-mexico.com/Images/XJ_16MY_006_PREMLUX_LHD_gcw_device_desktop_590x285_tcm135-131551_mobile_480x232.png?v=2",
	referenced from "http://www.jaguar-mexico.com/jaguar-range/xj/features-options/interior.html",
	failed with error code -1100 (File does not exist.)
25/02/16 5:20:51 p.m. - ERROR: Download of "http://www.jaguar-mexico.com/jaguar-range/xj/xj-galleries/seat-functionality-gallery.html",
	referenced from "http://www.jaguar-mexico.com/jaguar-range/xj/features-options/interior.html",
	failed with error code -1100 (File does not exist.)
25/02/16 5:20:51 p.m. - ERROR: Download of "http://www.jaguar-mexico.com/Images/SquabBolsters_Overlay_v3-580x580_tcm135-143637_desktop_580x580.png?v=3",
	referenced from "http://www.jaguar-mexico.com/jaguar-range/xj/features-options/interior.html",
	failed with error code -1100 (File does not exist.)
25/02/16 5:20:52 p.m. - ERROR: Download of "http://www.jaguar-mexico.com/jaguar-range/xj/xj-galleries/parking-aids-gallery.html",
	referenced from "http://www.jaguar-mexico.com/jaguar-range/xj/features-options/safety-security.html",
	failed with error code -1100 (File does not exist.)
25/02/16 5:20:53 p.m. - ERROR: Download of "http://www.jaguar-mexico.com/jaguar-range/xj/accessories/contact-us/index.html",
	referenced from "http://www.jaguar-mexico.com/jaguar-range/xj/accessories/index.html",
	failed with error code -1100 (File does not exist.)
25/02/16 5:20:54 p.m. - ERROR: Download of "http://www.jaguar-mexico.com/jaguar-range/xj/accessories/terms-conditions.html",
	referenced from "http://www.jaguar-mexico.com/jaguar-range/xj/accessories/index.html",
	failed with error code -1100 (File does not exist.)
25/02/16 5:20:54 p.m. - ERROR: Download of "http://www.jaguar-mexico.com/jaguar-range/xj/pricing-specs/contact-us/index.html",
	referenced from "http://www.jaguar-mexico.com/jaguar-range/xj/pricing-specs/index.html",
	failed with error code -1100 (File does not exist.)
25/02/16 5:20:54 p.m. - ERROR: Download of "http://www.jaguar-mexico.com/jaguar-range/xj/pricing-specs/terms-conditions.html",
	referenced from "http://www.jaguar-mexico.com/jaguar-range/xj/pricing-specs/index.html",
	failed with error code -1100 (File does not exist.)
25/02/16 5:20:54 p.m. - ERROR: Download of "http://www.jaguar-mexico.com/external.html?link=https://www.youtube.com/iframe_api",
	referenced from "http://www.jaguar-mexico.com/jaguar-range/xj/xj_gallery.html",
	failed with error code -1102 (No est치 autorizado a acceder a los recursos solicitados.)
25/02/16 5:20:54 p.m. - ERROR: Download of "http://www.jaguar-mexico.com/index-2.html",
	referenced from "http://www.jaguar-mexico.com/jaguar-range/xj/xj_gallery.html",
	failed with error code -1100 (File does not exist.)
25/02/16 5:20:58 p.m. - ERROR: Download of "http://www.jaguar-mexico.com/external.html?link=http://www.googletagmanager.com/ns.html?id=GTM-TFDM5W",
	referenced from "http://www.jaguar-mexico.com/jaguar-range/xj/xj_gallery.html",
	failed with error code -1102 (No est치 autorizado a acceder a los recursos solicitados.)
25/02/16 5:20:58 p.m. - ERROR: Download of "http://www.jaguar-mexico.com/external.html?link=http://www.googletagmanager.com/ns.html?id=GTM-N99MSK",
	referenced from "http://www.jaguar-mexico.com/jaguar-range/xj/xj_gallery.html",
	failed with error code -1102 (No est치 autorizado a acceder a los recursos solicitados.)
25/02/16 5:20:59 p.m. - ERROR: Download of "http://www.jaguar-mexico.com/jaguar-range/f-type/f-type-models/contact-us/index.html",
	referenced from "http://www.jaguar-mexico.com/jaguar-range/f-type/f-type-models/index.html",
	failed with error code -1100 (File does not exist.)
25/02/16 5:20:59 p.m. - ERROR: Download of "http://www.jaguar-mexico.com/jaguar-range/f-type/f-type-models/f-type-s-coupe-awd.html",
	referenced from "http://www.jaguar-mexico.com/jaguar-range/f-type/f-type-models/index.html",
	failed with error code -1100 (File does not exist.)
25/02/16 5:20:59 p.m. - ERROR: Download of "http://www.jaguar-mexico.com/jaguar-range/f-type/f-type-models/f-type-r-coupe-awd.html",
	referenced from "http://www.jaguar-mexico.com/jaguar-range/f-type/f-type-models/index.html",
	failed with error code -1100 (File does not exist.)
25/02/16 5:21:00 p.m. - ERROR: Download of "http://www.jaguar-mexico.com/jaguar-range/f-type/f-type-models/f-type-r-convertible-awd.html",
	referenced from "http://www.jaguar-mexico.com/jaguar-range/f-type/f-type-models/index.html",
	failed with error code -1100 (File does not exist.)
25/02/16 5:21:02 p.m. - ERROR: Download of "http://www.jaguar-mexico.com/jaguar-range/f-type/f-type-models/terms-conditions.html",
	referenced from "http://www.jaguar-mexico.com/jaguar-range/f-type/f-type-models/index.html",
	failed with error code -1100 (File does not exist.)
25/02/16 5:21:02 p.m. - ERROR: Download of "http://www.jaguar-mexico.com/jaguar-range/f-type/features-options/contact-us/index.html",
	referenced from "http://www.jaguar-mexico.com/jaguar-range/f-type/features-options/index.html",
	failed with error code -1100 (File does not exist.)
25/02/16 5:21:03 p.m. - ERROR: Download of "http://www.jaguar-mexico.com/jaguar-range/f-type/features-options/terms-conditions.html",
	referenced from "http://www.jaguar-mexico.com/jaguar-range/f-type/features-options/index.html",
	failed with error code -1100 (File does not exist.)
25/02/16 5:21:03 p.m. - ERROR: Download of "http://www.jaguar-mexico.com/jaguar-range/f-type/features-options/ftype.jaguar-mexico.com",
	referenced from "http://www.jaguar-mexico.com/jaguar-range/f-type/features-options/index.html",
	failed with error code -1100 (File does not exist.)
25/02/16 5:21:03 p.m. - ERROR: Download of "http://www.jaguar-mexico.com/Images/FT_014_058_6_GEE_UK_BOOTSPACE-device_desktop-1366x660_tcm135-41119_mobile_480x232.jpg?v=3",
	referenced from "http://www.jaguar-mexico.com/jaguar-range/f-type/features-options/interior.html",
	failed with error code -1100 (File does not exist.)
25/02/16 5:21:04 p.m. - ERROR: Download of "http://www.jaguar-mexico.com/jaguar-range/f-type/galleries/venting-system-gallery.html",
	referenced from "http://www.jaguar-mexico.com/jaguar-range/f-type/features-options/interior.html",
	failed with error code -1100 (File does not exist.)
25/02/16 5:21:05 p.m. - ERROR: Download of "http://www.jaguar-mexico.com/Images/CHASSIS_SUSPENSION_TOP_ASSET_NO_NUMBERS-device_desktop-1366x660_OPT_tcm135-47199_mobile_480x232.jpg?v=2",
	referenced from "http://www.jaguar-mexico.com/jaguar-range/f-type/features-options/driving-dynamics.html",
	failed with error code -1100 (File does not exist.)
25/02/16 5:21:06 p.m. - ERROR: Download of "http://www.jaguar-mexico.com/Images/FT_014_050_GBL_CARBONCERAMICBRAKES-device_desktop-1366x660_tcm135-41262_mobile_480x232.jpg?v=3",
	referenced from "http://www.jaguar-mexico.com/jaguar-range/f-type/features-options/driving-dynamics.html",
	failed with error code -1100 (File does not exist.)
25/02/16 5:21:08 p.m. - ERROR: Download of "http://www.jaguar-mexico.com/jaguar-range/f-type/features-options/in-control-apps.html",
	referenced from "http://www.jaguar-mexico.com/jaguar-range/f-type/features-options/multimedia.html",
	failed with error code -1100 (File does not exist.)
25/02/16 5:21:09 p.m. - ERROR: Download of "http://www.jaguar-mexico.com/jaguar-range/f-type/accessories/contact-us/index.html",
	referenced from "http://www.jaguar-mexico.com/jaguar-range/f-type/accessories/comfort.html",
	failed with error code -1100 (File does not exist.)
25/02/16 5:21:10 p.m. - ERROR: Download of "http://www.jaguar-mexico.com/jaguar-range/f-type/accessories/ftype.jaguar-mexico.com",
	referenced from "http://www.jaguar-mexico.com/jaguar-range/f-type/accessories/comfort.html",
	failed with error code -1100 (File does not exist.)
25/02/16 5:21:10 p.m. - ERROR: Download of "http://www.jaguar-mexico.com/jaguar-range/f-type/accessories/terms-conditions.html",
	referenced from "http://www.jaguar-mexico.com/jaguar-range/f-type/accessories/comfort.html",
	failed with error code -1100 (File does not exist.)
25/02/16 5:21:13 p.m. - ERROR: Download of "http://www.jaguar-mexico.com/jaguar-range/f-type/pricing-specs/contact-us/index.html",
	referenced from "http://www.jaguar-mexico.com/jaguar-range/f-type/pricing-specs/index.html",
	failed with error code -1100 (File does not exist.)
25/02/16 5:21:13 p.m. - ERROR: Download of "http://www.jaguar-mexico.com/jaguar-range/f-type/pricing-specs/ftype.jaguar-mexico.com",
	referenced from "http://www.jaguar-mexico.com/jaguar-range/f-type/pricing-specs/index.html",
	failed with error code -1100 (File does not exist.)
25/02/16 5:21:13 p.m. - ERROR: Download of "http://www.jaguar-mexico.com/jaguar-range/f-type/pricing-specs/terms-conditions.html",
	referenced from "http://www.jaguar-mexico.com/jaguar-range/f-type/pricing-specs/index.html",
	failed with error code -1100 (File does not exist.)
25/02/16 5:21:20 p.m. - ERROR: Download of "http://www.jaguar-mexico.com/jaguar-range/f-type/pricing-specs/item.aspx?tcm=16",
	referenced from "http://www.jaguar-mexico.com/jaguar-range/f-type/pricing-specs/engines-performance.html",
	failed with error code -1100 (File does not exist.)
25/02/16 5:21:22 p.m. - ERROR: Download of "http://www.jaguar-mexico.com/Images/FT_013_221_14MY_GEE_BLINDSPOT-device_desktop-620x150_tcm135-39799_mobile_480x116.jpg?v=4",
	referenced from "http://www.jaguar-mexico.com/jaguar-range/f-type/f-type-models/f-type-coupe.html",
	failed with error code -1100 (File does not exist.)
25/02/16 5:21:22 p.m. - ERROR: Download of "http://www.jaguar-mexico.com/Images/FT_014_071_GEE_PANORAMICROOF-device_desktop-620x150_tcm135-40528_mobile_480x116.jpg?v=3",
	referenced from "http://www.jaguar-mexico.com/jaguar-range/f-type/f-type-models/f-type-coupe.html",
	failed with error code -1100 (File does not exist.)
25/02/16 5:21:23 p.m. - ERROR: Download of "http://www.jaguar-mexico.com/Images/FT_013_221_GEE_BLIND_SPOT_MONITOR-device_desktop-620x150_OPT_tcm135-13175_mobile_480x116.jpg?v=2",
	referenced from "http://www.jaguar-mexico.com/jaguar-range/f-type/f-type-models/f-type.html",
	failed with error code -1100 (File does not exist.)
25/02/16 5:21:24 p.m. - ERROR: Download of "http://www.jaguar-mexico.com/Images/4113168_tcm135-13492.mp3",
	referenced from "http://www.jaguar-mexico.com/jaguar-range/f-type/f-type-models/f-type-s-coupe.html",
	failed with error code -1100 (File does not exist.)
25/02/16 5:21:25 p.m. - ERROR: Download of "http://www.jaguar-mexico.com/Images/FT_013_217_14MY_GEE_STYLEPACKS-device_desktop-620x150_tcm135-39858_mobile_480x116.jpg?v=4",
	referenced from "http://www.jaguar-mexico.com/jaguar-range/f-type/f-type-models/f-type-s-coupe.html",
	failed with error code -1100 (File does not exist.)
25/02/16 5:21:25 p.m. - ERROR: Download of "http://www.jaguar-mexico.com/Images/FT_014_031_GBL_PERFORMANCE_SEAT-device_desktop-620x150_tcm135-41745_mobile_480x116.jpg?v=3",
	referenced from "http://www.jaguar-mexico.com/jaguar-range/f-type/f-type-models/f-type-s-coupe.html",
	failed with error code -1100 (File does not exist.)
25/02/16 5:21:25 p.m. - ERROR: Download of "http://www.jaguar-mexico.com/Images/FT_014_050_GBL_CARBONCERAMICS-device_desktop-620x150.jpg_OPT_tcm135-40530_mobile_480x116.jpg?v=4",
	referenced from "http://www.jaguar-mexico.com/jaguar-range/f-type/f-type-models/f-type-s-coupe.html",
	failed with error code -1100 (File does not exist.)
25/02/16 5:21:25 p.m. - ERROR: Download of "http://www.jaguar-mexico.com/Images/4245245_tcm135-13484.mp3",
	referenced from "http://www.jaguar-mexico.com/jaguar-range/f-type/f-type-models/f-type-r-coupe.html",
	failed with error code -1100 (File does not exist.)
25/02/16 5:21:27 p.m. - ERROR: Download of "http://www.jaguar-mexico.com/jaguar-range/2016-xf/models/contact-us/index.html",
	referenced from "http://www.jaguar-mexico.com/jaguar-range/2016-xf/models/index.html",
	failed with error code -1100 (File does not exist.)
25/02/16 5:21:27 p.m. - ERROR: Download of "http://www.jaguar-mexico.com/jaguar-range/2016-xf/models/terms-conditions.html",
	referenced from "http://www.jaguar-mexico.com/jaguar-range/2016-xf/models/index.html",
	failed with error code -1100 (File does not exist.)
25/02/16 5:21:42 p.m. - ERROR: Download of "http://www.jaguar-mexico.com/Images/FT_013_097_MB_gee_14MY_LUNAR_GREY_FRONT_7_8-device_desktop-1366x769_tcm135-48350_gallerythumbnail_195x1103860.jpg?v=1",
	referenced from "http://www.jaguar-mexico.com/jaguar-range/f-type/galleryc73c.html?carouselIndex=1",
	failed with error code -1100 (File does not exist.)
25/02/16 5:21:43 p.m. - ERROR: Download of "http://www.jaguar-mexico.com/Images/4024334_tcm135-12809_desktop_195x1103860.jpg?v=1",
	referenced from "http://www.jaguar-mexico.com/jaguar-range/f-type/gallery855c.html?carouselIndex=3",
	failed with error code -1100 (File does not exist.)
25/02/16 5:21:43 p.m. - ERROR: Download of "http://www.jaguar-mexico.com/Images/4024328_tcm135-12887_mobile_480x2703860.jpg?v=1",
	referenced from "http://www.jaguar-mexico.com/jaguar-range/f-type/gallery855c.html?carouselIndex=3",
	failed with error code -1100 (File does not exist.)
25/02/16 5:21:50 p.m. - ERROR: Download of "http://www.jaguar-mexico.com/Images/F_TYPE_R_VIDEO_STILL-device_desktop-900x506_tcm135-49683_mobile_480x2703860.jpg?v=1",
	referenced from "http://www.jaguar-mexico.com/jaguar-range/f-type/galleryee87.html?carouselIndex=4",
	failed with error code -1100 (File does not exist.)
25/02/16 5:21:50 p.m. - ERROR: Download of "http://www.jaguar-mexico.com/Images/F_TYPE_R_VIDEO_STILL-device_desktop-195x110_tcm135-49739_desktop_195x1103860.jpg?v=1",
	referenced from "http://www.jaguar-mexico.com/jaguar-range/f-type/galleryee87.html?carouselIndex=4",
	failed with error code -1100 (File does not exist.)

---------------------

20/05/16 2:01:29 p.m. - ERROR: Download of "http://www.themedept.com/demo/getleads/css/fonts/glyphicons-halflings-regular.eot",
	referenced from "http://www.themedept.com/demo/getleads/css/plugins/bootstrap.min.css",
	failed with error code -1100 (File does not exist.)
20/05/16 2:01:29 p.m. - ERROR: Download of "http://www.themedept.com/demo/getleads/css/plugins/AjaxLoader.gif",
	referenced from "http://www.themedept.com/demo/getleads/css/plugins/owl.carousel.css",
	failed with error code -1100 (File does not exist.)
20/05/16 2:01:30 p.m. - ERROR: Download of "http://www.themedept.com/demo/getleads/css/fonts/glyphicons-halflings-regular.eot?",
	referenced from "http://www.themedept.com/demo/getleads/css/plugins/bootstrap.min.css",
	failed with error code -1100 (File does not exist.)
20/05/16 2:01:30 p.m. - ERROR: Download of "http://www.themedept.com/demo/getleads/css/fonts/glyphicons-halflings-regular.woff",
	referenced from "http://www.themedept.com/demo/getleads/css/plugins/bootstrap.min.css",
	failed with error code -1100 (File does not exist.)
20/05/16 2:01:30 p.m. - ERROR: Download of "http://www.themedept.com/demo/getleads/css/fonts/glyphicons-halflings-regular.ttf",
	referenced from "http://www.themedept.com/demo/getleads/css/plugins/bootstrap.min.css",
	failed with error code -1100 (File does not exist.)
20/05/16 2:01:30 p.m. - ERROR: Download of "http://www.themedept.com/demo/getleads/css/fonts/glyphicons-halflings-regular.svg",
	referenced from "http://www.themedept.com/demo/getleads/css/plugins/bootstrap.min.css",
	failed with error code -1100 (File does not exist.)
20/05/16 2:01:30 p.m. - ERROR: Download of "http://www.themedept.com/demo/getleads/css/fonts/glyphicons-halflings-regular.woff2",
	referenced from "http://www.themedept.com/demo/getleads/css/plugins/bootstrap.min.css",
	failed with error code -1100 (File does not exist.)

---------------------
